<?xml version="1.0" encoding="UTF-8"?>
<testng-results ignored="0" total="2" passed="2" failed="0" skipped="0">
  <reporter-output>
  </reporter-output>
  <suite started-at="2024-09-12T15:18:24 IST" name="All Test Suite" finished-at="2024-09-12T15:18:32 IST" duration-ms="8140">
    <groups>
      <group name="cucumber">
        <method signature="AbstractTestNGCucumberTests.runScenario(io.cucumber.testng.PickleWrapper,io.cucumber.testng.FeatureWrapper)[pri:0, instance:runner.TestRunner@38d8f54a]" name="runScenario" class="io.cucumber.testng.AbstractTestNGCucumberTests"/>
      </group> <!-- cucumber -->
    </groups>
    <test started-at="2024-09-12T15:18:24 IST" name="C:/Users/Rahul/Desktop/sample/Teladoc" finished-at="2024-09-12T15:18:32 IST" duration-ms="8140">
      <class name="runner.TestRunner">
        <test-method is-config="true" signature="setUpClass(org.testng.ITestContext)[pri:0, instance:runner.TestRunner@38d8f54a]" started-at="2024-09-12T15:18:24 IST" name="setUpClass" finished-at="2024-09-12T15:18:24 IST" duration-ms="311" status="PASS">
          <params>
            <param index="0">
              <value>
                <![CDATA[org.testng.TestRunner@60015ef5]]>
              </value>
            </param>
          </params>
          <reporter-output>
          </reporter-output>
        </test-method> <!-- setUpClass -->
        <test-method signature="runScenario(io.cucumber.testng.PickleWrapper,io.cucumber.testng.FeatureWrapper)[pri:0, instance:runner.TestRunner@38d8f54a]" started-at="2024-09-12T15:18:24 IST" name="runScenario" description="Runs Cucumber Scenarios" data-provider="scenarios" finished-at="2024-09-12T15:18:32 IST" duration-ms="7771" status="PASS">
          <params>
            <param index="0">
              <value>
                <![CDATA["Add a user and the user has been added to the table"]]>
              </value>
            </param>
            <param index="1">
              <value>
                <![CDATA["As an Engr. Candidate"]]>
              </value>
            </param>
          </params>
          <reporter-output>
          </reporter-output>
        </test-method> <!-- runScenario -->
        <test-method signature="runScenario(io.cucumber.testng.PickleWrapper,io.cucumber.testng.FeatureWrapper)[pri:0, instance:runner.TestRunner@38d8f54a]" started-at="2024-09-12T15:18:24 IST" name="runScenario" description="Runs Cucumber Scenarios" data-provider="scenarios" finished-at="2024-09-12T15:18:31 IST" duration-ms="6401" status="PASS">
          <params>
            <param index="0">
              <value>
                <![CDATA["Delete the user "novak" from the table and the user has been deleted"]]>
              </value>
            </param>
            <param index="1">
              <value>
                <![CDATA["As an Engr. Candidate"]]>
              </value>
            </param>
          </params>
          <reporter-output>
          </reporter-output>
        </test-method> <!-- runScenario -->
        <test-method is-config="true" signature="tearDownClass()[pri:0, instance:runner.TestRunner@38d8f54a]" started-at="2024-09-12T15:18:32 IST" name="tearDownClass" finished-at="2024-09-12T15:18:32 IST" duration-ms="2" status="PASS">
          <reporter-output>
          </reporter-output>
        </test-method> <!-- tearDownClass -->
      </class> <!-- runner.TestRunner -->
    </test> <!-- C:/Users/Rahul/Desktop/sample/Teladoc -->
  </suite> <!-- All Test Suite -->
</testng-results>
